<?xml version="1.0" encoding="UTF-8"?>
<coverage generated="1611650344148" clover="3.2.0">
  <project timestamp="1611650344149" name="All files">
    <metrics statements="24" coveredstatements="12" conditionals="3" coveredconditionals="0" methods="11" coveredmethods="3" elements="38" coveredelements="15" complexity="0" loc="24" ncloc="24" packages="3" files="4" classes="4"/>
    <package name="common">
      <metrics statements="19" coveredstatements="8" conditionals="2" coveredconditionals="0" methods="7" coveredmethods="0"/>
      <file name="auth.header.js" path="C:\dev\workspace\structure\bottlehs\vue-express-ecommerce\frontend\src\common\auth.header.js">
        <metrics statements="4" coveredstatements="0" conditionals="2" coveredconditionals="0" methods="1" coveredmethods="0"/>
        <line num="4" count="0" type="stmt"/>
        <line num="6" count="0" type="cond" truecount="0" falsecount="2"/>
        <line num="7" count="0" type="stmt"/>
        <line num="11" count="0" type="stmt"/>
      </file>
      <file name="jwt.js" path="C:\dev\workspace\structure\bottlehs\vue-express-ecommerce\frontend\src\common\jwt.js">
        <metrics statements="15" coveredstatements="8" conditionals="0" coveredconditionals="0" methods="6" coveredmethods="0"/>
        <line num="1" count="1" type="stmt"/>
        <line num="2" count="1" type="stmt"/>
        <line num="4" count="1" type="stmt"/>
        <line num="5" count="0" type="stmt"/>
        <line num="8" count="1" type="stmt"/>
        <line num="9" count="0" type="stmt"/>
        <line num="12" count="1" type="stmt"/>
        <line num="13" count="0" type="stmt"/>
        <line num="14" count="0" type="stmt"/>
        <line num="17" count="1" type="stmt"/>
        <line num="18" count="0" type="stmt"/>
        <line num="21" count="1" type="stmt"/>
        <line num="22" count="0" type="stmt"/>
        <line num="25" count="1" type="stmt"/>
        <line num="26" count="0" type="stmt"/>
      </file>
    </package>
    <package name="components">
      <metrics statements="3" coveredstatements="3" conditionals="0" coveredconditionals="0" methods="3" coveredmethods="3"/>
      <file name="HelloJest.vue" path="C:\dev\workspace\structure\bottlehs\vue-express-ecommerce\frontend\src\components\HelloJest.vue">
        <metrics statements="3" coveredstatements="3" conditionals="0" coveredconditionals="0" methods="3" coveredmethods="3"/>
        <line num="12" count="1" type="stmt"/>
        <line num="18" count="1" type="stmt"/>
        <line num="23" count="1" type="stmt"/>
      </file>
    </package>
    <package name="services">
      <metrics statements="2" coveredstatements="1" conditionals="1" coveredconditionals="0" methods="1" coveredmethods="0"/>
      <file name="users.service.js" path="C:\dev\workspace\structure\bottlehs\vue-express-ecommerce\frontend\src\services\users.service.js">
        <metrics statements="2" coveredstatements="1" conditionals="1" coveredconditionals="0" methods="1" coveredmethods="0"/>
        <line num="2" count="1" type="stmt"/>
        <line num="6" count="0" type="stmt"/>
      </file>
    </package>
  </project>
</coverage>
