{"C:\\dev\\workspace\\structure\\bottlehs\\vue-express-ecommerce\\frontend\\src\\common\\auth.header.js": {"path":"C:\\dev\\workspace\\structure\\bottlehs\\vue-express-ecommerce\\frontend\\src\\common\\auth.header.js","statementMap":{"0":{"start":{"line":4,"column":20},"end":{"line":4,"column":34}},"1":{"start":{"line":6,"column":2},"end":{"line":12,"column":3}},"2":{"start":{"line":7,"column":4},"end":{"line":9,"column":6}},"3":{"start":{"line":11,"column":4},"end":{"line":11,"column":14}}},"fnMap":{"0":{"name":"authHeader","decl":{"start":{"line":3,"column":24},"end":{"line":3,"column":34}},"loc":{"start":{"line":3,"column":37},"end":{"line":13,"column":1}},"line":3}},"branchMap":{"0":{"loc":{"start":{"line":6,"column":2},"end":{"line":12,"column":3}},"type":"if","locations":[{"start":{"line":6,"column":2},"end":{"line":12,"column":3}},{"start":{"line":6,"column":2},"end":{"line":12,"column":3}}],"line":6}},"s":{"0":0,"1":0,"2":0,"3":0},"f":{"0":0},"b":{"0":[0,0]},"_coverageSchema":"1a1c01bbd47fc00a2c39e90264f33305004495a9","hash":"36a5cea6d468c737f9673bb24088c762d9992b16"}
,"C:\\dev\\workspace\\structure\\bottlehs\\vue-express-ecommerce\\frontend\\src\\common\\jwt.js": {"path":"C:\\dev\\workspace\\structure\\bottlehs\\vue-express-ecommerce\\frontend\\src\\common\\jwt.js","statementMap":{"0":{"start":{"line":1,"column":21},"end":{"line":1,"column":31}},"1":{"start":{"line":2,"column":29},"end":{"line":2,"column":47}},"2":{"start":{"line":4,"column":24},"end":{"line":6,"column":1}},"3":{"start":{"line":5,"column":2},"end":{"line":5,"column":51}},"4":{"start":{"line":8,"column":25},"end":{"line":10,"column":1}},"5":{"start":{"line":9,"column":2},"end":{"line":9,"column":51}},"6":{"start":{"line":12,"column":28},"end":{"line":15,"column":1}},"7":{"start":{"line":13,"column":2},"end":{"line":13,"column":30}},"8":{"start":{"line":14,"column":2},"end":{"line":14,"column":47}},"9":{"start":{"line":17,"column":31},"end":{"line":19,"column":1}},"10":{"start":{"line":18,"column":2},"end":{"line":18,"column":59}},"11":{"start":{"line":21,"column":32},"end":{"line":23,"column":1}},"12":{"start":{"line":22,"column":2},"end":{"line":22,"column":59}},"13":{"start":{"line":25,"column":35},"end":{"line":27,"column":1}},"14":{"start":{"line":26,"column":2},"end":{"line":26,"column":55}}},"fnMap":{"0":{"name":"(anonymous_0)","decl":{"start":{"line":4,"column":24},"end":{"line":4,"column":25}},"loc":{"start":{"line":4,"column":30},"end":{"line":6,"column":1}},"line":4},"1":{"name":"(anonymous_1)","decl":{"start":{"line":8,"column":25},"end":{"line":8,"column":26}},"loc":{"start":{"line":8,"column":36},"end":{"line":10,"column":1}},"line":8},"2":{"name":"(anonymous_2)","decl":{"start":{"line":12,"column":28},"end":{"line":12,"column":29}},"loc":{"start":{"line":12,"column":34},"end":{"line":15,"column":1}},"line":12},"3":{"name":"(anonymous_3)","decl":{"start":{"line":17,"column":31},"end":{"line":17,"column":32}},"loc":{"start":{"line":17,"column":37},"end":{"line":19,"column":1}},"line":17},"4":{"name":"(anonymous_4)","decl":{"start":{"line":21,"column":32},"end":{"line":21,"column":33}},"loc":{"start":{"line":21,"column":43},"end":{"line":23,"column":1}},"line":21},"5":{"name":"(anonymous_5)","decl":{"start":{"line":25,"column":35},"end":{"line":25,"column":36}},"loc":{"start":{"line":25,"column":41},"end":{"line":27,"column":1}},"line":25}},"branchMap":{},"s":{"0":1,"1":1,"2":1,"3":0,"4":1,"5":0,"6":1,"7":0,"8":0,"9":1,"10":0,"11":1,"12":0,"13":1,"14":0},"f":{"0":0,"1":0,"2":0,"3":0,"4":0,"5":0},"b":{},"_coverageSchema":"1a1c01bbd47fc00a2c39e90264f33305004495a9","hash":"1525ac6f0a220e5e590f16837dea39f8c219d944"}
,"C:\\dev\\workspace\\structure\\bottlehs\\vue-express-ecommerce\\frontend\\src\\components\\HelloJest.vue": {"path":"C:\\dev\\workspace\\structure\\bottlehs\\vue-express-ecommerce\\frontend\\src\\components\\HelloJest.vue","statementMap":{"0":{"start":{"line":12,"column":0},"end":{"line":12,"column":null}},"1":{"start":{"line":18,"column":0},"end":{"line":18,"column":null}},"2":{"start":{"line":23,"column":0},"end":{"line":23,"column":null}}},"fnMap":{"0":{"name":"(anonymous_1)","decl":{"start":{"line":11,"column":0},"end":{"line":11,"column":null}},"loc":{"start":{"line":11,"column":0},"end":{"line":15,"column":null}}},"1":{"name":"(anonymous_2)","decl":{"start":{"line":17,"column":0},"end":{"line":17,"column":null}},"loc":{"start":{"line":17,"column":0},"end":{"line":19,"column":null}}},"2":{"name":"(anonymous_3)","decl":{"start":{"line":22,"column":0},"end":{"line":22,"column":null}},"loc":{"start":{"line":22,"column":0},"end":{"line":24,"column":null}}}},"branchMap":{},"s":{"0":1,"1":1,"2":1},"f":{"0":1,"1":1,"2":1},"b":{}}
,"C:\\dev\\workspace\\structure\\bottlehs\\vue-express-ecommerce\\frontend\\src\\services\\users.service.js": {"path":"C:\\dev\\workspace\\structure\\bottlehs\\vue-express-ecommerce\\frontend\\src\\services\\users.service.js","statementMap":{"0":{"start":{"line":2,"column":24},"end":{"line":2,"column":36}},"1":{"start":{"line":6,"column":4},"end":{"line":9,"column":7}}},"fnMap":{"0":{"name":"(anonymous_0)","decl":{"start":{"line":5,"column":2},"end":{"line":5,"column":3}},"loc":{"start":{"line":5,"column":29},"end":{"line":10,"column":3}},"line":5}},"branchMap":{"0":{"loc":{"start":{"line":5,"column":16},"end":{"line":5,"column":27}},"type":"default-arg","locations":[{"start":{"line":5,"column":25},"end":{"line":5,"column":27}}],"line":5}},"s":{"0":1,"1":0},"f":{"0":0},"b":{"0":[0]},"_coverageSchema":"1a1c01bbd47fc00a2c39e90264f33305004495a9","hash":"98f51cf3d0554dae21a2c6f1e853d0209a4ccab8"}
}
